E, [2016-07-26T12:05:21.537246 #21711] ERROR -- Kitchen: ------Exception-------
E, [2016-07-26T12:05:21.537307 #21711] ERROR -- Kitchen: Class: Kitchen::UserError
E, [2016-07-26T12:05:21.537325 #21711] ERROR -- Kitchen: Message: Kitchen YAML file /Users/benjamink/src/chefpoc/site-cookbooks/.kitchen.yml does not exist.
E, [2016-07-26T12:05:21.537350 #21711] ERROR -- Kitchen: ------Backtrace-------
E, [2016-07-26T12:05:21.537361 #21711] ERROR -- Kitchen: /opt/chefdk/embedded/lib/ruby/gems/2.1.0/gems/test-kitchen-1.6.0/lib/kitchen/loader/yaml.rb:74:in `read'
E, [2016-07-26T12:05:21.537372 #21711] ERROR -- Kitchen: /opt/chefdk/embedded/lib/ruby/gems/2.1.0/gems/test-kitchen-1.6.0/lib/kitchen/config.rb:149:in `data'
E, [2016-07-26T12:05:21.537383 #21711] ERROR -- Kitchen: /opt/chefdk/embedded/lib/ruby/gems/2.1.0/gems/test-kitchen-1.6.0/lib/kitchen/config.rb:128:in `suites'
E, [2016-07-26T12:05:21.537394 #21711] ERROR -- Kitchen: /opt/chefdk/embedded/lib/ruby/gems/2.1.0/gems/test-kitchen-1.6.0/lib/kitchen/config.rb:179:in `filter_instances'
E, [2016-07-26T12:05:21.537405 #21711] ERROR -- Kitchen: /opt/chefdk/embedded/lib/ruby/gems/2.1.0/gems/test-kitchen-1.6.0/lib/kitchen/config.rb:138:in `build_instances'
E, [2016-07-26T12:05:21.537415 #21711] ERROR -- Kitchen: /opt/chefdk/embedded/lib/ruby/gems/2.1.0/gems/test-kitchen-1.6.0/lib/kitchen/config.rb:114:in `instances'
E, [2016-07-26T12:05:21.537425 #21711] ERROR -- Kitchen: /opt/chefdk/embedded/lib/ruby/gems/2.1.0/gems/test-kitchen-1.6.0/lib/kitchen/command.rb:115:in `filtered_instances'
E, [2016-07-26T12:05:21.537436 #21711] ERROR -- Kitchen: /opt/chefdk/embedded/lib/ruby/gems/2.1.0/gems/test-kitchen-1.6.0/lib/kitchen/command.rb:145:in `parse_subcommand'
E, [2016-07-26T12:05:21.537446 #21711] ERROR -- Kitchen: /opt/chefdk/embedded/lib/ruby/gems/2.1.0/gems/test-kitchen-1.6.0/lib/kitchen/command/list.rb:32:in `call'
E, [2016-07-26T12:05:21.537456 #21711] ERROR -- Kitchen: /opt/chefdk/embedded/lib/ruby/gems/2.1.0/gems/test-kitchen-1.6.0/lib/kitchen/cli.rb:56:in `perform'
E, [2016-07-26T12:05:21.537466 #21711] ERROR -- Kitchen: /opt/chefdk/embedded/lib/ruby/gems/2.1.0/gems/test-kitchen-1.6.0/lib/kitchen/cli.rb:116:in `list'
E, [2016-07-26T12:05:21.537476 #21711] ERROR -- Kitchen: /opt/chefdk/embedded/lib/ruby/gems/2.1.0/gems/thor-0.19.1/lib/thor/command.rb:27:in `run'
E, [2016-07-26T12:05:21.537486 #21711] ERROR -- Kitchen: /opt/chefdk/embedded/lib/ruby/gems/2.1.0/gems/thor-0.19.1/lib/thor/invocation.rb:126:in `invoke_command'
E, [2016-07-26T12:05:21.537496 #21711] ERROR -- Kitchen: /opt/chefdk/embedded/lib/ruby/gems/2.1.0/gems/test-kitchen-1.6.0/lib/kitchen/cli.rb:321:in `invoke_task'
E, [2016-07-26T12:05:21.537506 #21711] ERROR -- Kitchen: /opt/chefdk/embedded/lib/ruby/gems/2.1.0/gems/thor-0.19.1/lib/thor.rb:359:in `dispatch'
E, [2016-07-26T12:05:21.537516 #21711] ERROR -- Kitchen: /opt/chefdk/embedded/lib/ruby/gems/2.1.0/gems/thor-0.19.1/lib/thor/base.rb:440:in `start'
E, [2016-07-26T12:05:21.537526 #21711] ERROR -- Kitchen: /opt/chefdk/embedded/lib/ruby/gems/2.1.0/gems/test-kitchen-1.6.0/bin/kitchen:13:in `block in <top (required)>'
E, [2016-07-26T12:05:21.537553 #21711] ERROR -- Kitchen: /opt/chefdk/embedded/lib/ruby/gems/2.1.0/gems/test-kitchen-1.6.0/lib/kitchen/errors.rb:154:in `with_friendly_errors'
E, [2016-07-26T12:05:21.537564 #21711] ERROR -- Kitchen: /opt/chefdk/embedded/lib/ruby/gems/2.1.0/gems/test-kitchen-1.6.0/bin/kitchen:13:in `<top (required)>'
E, [2016-07-26T12:05:21.537574 #21711] ERROR -- Kitchen: /usr/local/bin/kitchen:15:in `load'
E, [2016-07-26T12:05:21.537584 #21711] ERROR -- Kitchen: /usr/local/bin/kitchen:15:in `<main>'
E, [2016-07-26T12:05:21.537593 #21711] ERROR -- Kitchen: ----------------------
